  vulkan_c.cpp
C:\Users\Administrator\Downloads\Test2\GameEngine.cpp(68,14): warning C4305: '=': truncation from 'double' to 'float'
C:\Users\Administrator\Downloads\Test2\GameEngine.cpp(70,48): warning C4244: '=': conversion from 'double' to 'float', possible loss of data
C:\Users\Administrator\Downloads\Test2\GameEngine.cpp(71,35): warning C4554: '&': check operator precedence for possible error; use parentheses to clarify precedence
C:\Users\Administrator\Downloads\Test2\GameEngine.cpp(72,49): warning C4244: '=': conversion from 'double' to 'float', possible loss of data
C:\Users\Administrator\Downloads\Test2\GameEngine.cpp(74,16): warning C4305: '=': truncation from 'double' to 'float'
C:\Users\Administrator\Downloads\Test2\GameEngine.cpp(79,15): warning C4305: '=': truncation from 'double' to 'float'
C:\Users\Administrator\Downloads\Test2\GameEngine.cpp(81,49): warning C4244: '=': conversion from 'double' to 'float', possible loss of data
C:\Users\Administrator\Downloads\Test2\GameEngine.cpp(83,48): warning C4244: '=': conversion from 'double' to 'float', possible loss of data
C:\Users\Administrator\Downloads\Test2\GameEngine.cpp(85,16): warning C4305: '=': truncation from 'double' to 'float'
C:\Users\Administrator\Downloads\Test2\GameEngine.cpp(99,55): warning C4244: '=': conversion from 'double' to 'float', possible loss of data
C:\Users\Administrator\Downloads\Test2\GameEngine.cpp(101,29): warning C4305: '=': truncation from 'double' to 'float'
C:\Users\Administrator\Downloads\Test2\GameEngine.cpp(103,55): warning C4244: '=': conversion from 'double' to 'float', possible loss of data
C:\Users\Administrator\Downloads\Test2\GameEngine.cpp(105,73): warning C4305: '=': truncation from 'double' to 'float'
C:\Users\Administrator\Downloads\Test2\GameEngine.cpp(112,56): warning C4244: '=': conversion from 'double' to 'float', possible loss of data
C:\Users\Administrator\Downloads\Test2\GameEngine.cpp(114,28): warning C4305: '=': truncation from 'double' to 'float'
C:\Users\Administrator\Downloads\Test2\GameEngine.cpp(116,56): warning C4244: '=': conversion from 'double' to 'float', possible loss of data
C:\Users\Administrator\Downloads\Test2\GameEngine.cpp(118,75): warning C4305: '=': truncation from 'double' to 'float'
C:\Users\Administrator\Downloads\Test2\GameEngine.cpp(142,34): warning C4244: '-=': conversion from 'double' to 'float', possible loss of data
C:\Users\Administrator\Downloads\Test2\GameEngine.cpp(149,34): warning C4244: '+=': conversion from 'double' to 'float', possible loss of data
C:\Users\Administrator\Downloads\Test2\GameEngine.cpp(206,25): warning C4244: '=': conversion from 'double' to 'float', possible loss of data
C:\Users\Administrator\Downloads\Test2\GameEngine.cpp(207,39): warning C4244: '=': conversion from 'double' to 'float', possible loss of data
C:\Users\Administrator\Downloads\Test2\GameEngine.cpp(212,37): warning C4305: '=': truncation from 'double' to 'float'
C:\Users\Administrator\Downloads\Test2\GameEngine.cpp(240,37): warning C4244: '-=': conversion from 'double' to 'float', possible loss of data
C:\Users\Administrator\Downloads\Test2\GameEngine.cpp(242,42): warning C4244: '+=': conversion from 'double' to 'float', possible loss of data
C:\Users\Administrator\Downloads\Test2\GameEngine.cpp(244,42): warning C4244: '-=': conversion from 'double' to 'float', possible loss of data
C:\Users\Administrator\Downloads\Test2\GameEngine.cpp(279,36): warning C4244: '-=': conversion from 'double' to 'float', possible loss of data
C:\Users\Administrator\Downloads\Test2\GameEngine.cpp(281,39): warning C4244: '+=': conversion from 'double' to 'float', possible loss of data
C:\Users\Administrator\Downloads\Test2\GameEngine.cpp(283,39): warning C4244: '-=': conversion from 'double' to 'float', possible loss of data
C:\Users\Administrator\Downloads\Test2\GameEngine.cpp(297,29): warning C4554: '&': check operator precedence for possible error; use parentheses to clarify precedence
C:\Users\Administrator\Downloads\Test2\GameEngine.cpp(300,34): warning C4554: '&': check operator precedence for possible error; use parentheses to clarify precedence
C:\Users\Administrator\Downloads\Test2\GameEngine.cpp(352,36): warning C4244: '+=': conversion from 'double' to 'float', possible loss of data
C:\Users\Administrator\Downloads\Test2\GameEngine.cpp(373,36): warning C4244: '+=': conversion from 'double' to 'float', possible loss of data
C:\Users\Administrator\Downloads\Test2\GameEngine.cpp(394,36): warning C4244: '+=': conversion from 'double' to 'float', possible loss of data
C:\Users\Administrator\Downloads\Test2\GameEngine.cpp(416,36): warning C4244: '+=': conversion from 'double' to 'float', possible loss of data
C:\Users\Administrator\Downloads\Test2\GameEngine.cpp(437,38): warning C4244: '+=': conversion from 'double' to 'float', possible loss of data
C:\Users\Administrator\Downloads\Test2\openal\SoundDevice.cpp(37,1): warning C4297: 'SoundDevice::~SoundDevice': function assumed not to throw an exception but does
C:\Users\Administrator\Downloads\Test2\openal\SoundDevice.cpp(37,1): message : destructor or deallocator has a (possibly implicit) non-throwing exception specification
C:\Users\Administrator\Downloads\Test2\openal\SoundDevice.cpp(41,1): warning C4297: 'SoundDevice::~SoundDevice': function assumed not to throw an exception but does
C:\Users\Administrator\Downloads\Test2\openal\SoundDevice.cpp(41,1): message : destructor or deallocator has a (possibly implicit) non-throwing exception specification
C:\Users\Administrator\Downloads\Test2\openal\SoundDevice.cpp(44,1): warning C4297: 'SoundDevice::~SoundDevice': function assumed not to throw an exception but does
C:\Users\Administrator\Downloads\Test2\openal\SoundDevice.cpp(44,1): message : destructor or deallocator has a (possibly implicit) non-throwing exception specification
C:\Users\Administrator\Downloads\Test2\openal\SoundBuffer.cpp(130,74): warning C4267: 'argument': conversion from 'size_t' to 'ALsizei', possible loss of data
C:\Users\Administrator\Downloads\Test2\vulkan_c.cpp(436,20): warning C4477: 'fprintf' : format string '%d' requires an argument of type 'int', but variadic argument 1 has type 'unsigned __int64'
C:\Users\Administrator\Downloads\Test2\vulkan_c.cpp(436,20): message : consider using '%zd' in the format string
C:\Users\Administrator\Downloads\Test2\vulkan_c.cpp(501,20): warning C4477: 'fprintf' : format string '%d' requires an argument of type 'int', but variadic argument 1 has type 'unsigned __int64'
C:\Users\Administrator\Downloads\Test2\vulkan_c.cpp(501,20): message : consider using '%zd' in the format string
C:\Users\Administrator\Downloads\Test2\vulkan_c.cpp(516,66): warning C4267: '=': conversion from 'size_t' to 'uint32_t', possible loss of data
C:\Users\Administrator\Downloads\Test2\vulkan_c.cpp(518,66): warning C4267: '=': conversion from 'size_t' to 'uint32_t', possible loss of data
C:\Users\Administrator\Downloads\Test2\vulkan_c.cpp(4017,41): warning C4267: '=': conversion from 'size_t' to 'int', possible loss of data
C:\Users\Administrator\Downloads\Test2\vulkan_c.cpp(4086,43): warning C4244: '=': conversion from 'double' to 'float', possible loss of data
C:\Users\Administrator\Downloads\Test2\vulkan_c.cpp(4087,43): warning C4244: '=': conversion from 'double' to 'float', possible loss of data
C:\Users\Administrator\Downloads\Test2\vulkan_c.cpp(4099,12): warning C4244: 'argument': conversion from 'time_t' to 'unsigned int', possible loss of data
C:\Users\Administrator\Downloads\Test2\vulkan_c.cpp(4137,32): warning C4244: '=': conversion from '_Rep' to 'double', possible loss of data
          with
          [
              _Rep=__int64
          ]
  Generating code
C:\Users\Administrator\Downloads\Test2\GameEngine.cpp(41): warning C4715: 'GameEngine::Sounds_EFF': not all control paths return a value
  1 of 535 functions ( 0.2%) were compiled, the rest were copied from previous compilation.
    0 functions were new in current compilation
    5 functions had inline decision re-evaluated but remain unchanged
  Finished generating code
  Sample.vcxproj -> C:\Users\Administrator\Downloads\Test2\x64\Release\Sample.exe
